<?xml version="1.0" encoding="UTF-8"?>
<!-- Generated by org.testng.reporters.JUnitXMLReporter -->
<testsuite hostname="Sreeja" name="Default test" tests="3" failures="0" timestamp="14 Dec 2020 11:59:05 GMT" time="135.028" errors="0">
  <testcase name="basicLogin" time="24.19" classname="PageObjectModelProject.com.TestCases.DataDriven"/>
  <testcase name="basicLogin" time="28.526" classname="PageObjectModelProject.com.TestCases.DataDriven"/>
  <testcase name="basicLogin" time="23.11" classname="PageObjectModelProject.com.TestCases.DataDriven"/>
</testsuite> <!-- Default test -->
